tuikit/build/outputs/logs/manifest-merger-release-report.txt
-- Merging decision tree log ---
manifest
ADDED from src/main/AndroidManifest.xml:2:1-60:12
INJECTED from src/main/AndroidManifest.xml:2:1-60:12
INJECTED from src/main/AndroidManifest.xml:2:1-60:12
INJECTED from src/main/AndroidManifest.xml:2:1-60:12
INJECTED from src/main/AndroidManifest.xml:2:1-60:12
INJECTED from src/main/AndroidManifest.xml:2:1-60:12
INJECTED from src/main/AndroidManifest.xml:2:1-60:12
	package
		ADDED from src/main/AndroidManifest.xml:3:5-39
		INJECTED from src/main/AndroidManifest.xml
		INJECTED from src/main/AndroidManifest.xml
	android:versionName
		INJECTED from src/main/AndroidManifest.xml
		ADDED from src/main/AndroidManifest.xml:2:1-60:12
		INJECTED from src/main/AndroidManifest.xml
	android:versionCode
		INJECTED from src/main/AndroidManifest.xml
		ADDED from src/main/AndroidManifest.xml:2:1-60:12
		INJECTED from src/main/AndroidManifest.xml
	xmlns:android
		ADDED from src/main/AndroidManifest.xml:2:11-69
uses-permission#android.permission.RECORD_AUDIO
ADDED from src/main/AndroidManifest.xml:5:5-71
	android:name
		ADDED from src/main/AndroidManifest.xml:5:22-68
uses-permission#android.permission.WRITE_EXTERNAL_STORAGE
ADDED from src/main/AndroidManifest.xml:6:5-81
	android:name
		ADDED from src/main/AndroidManifest.xml:6:22-78
uses-permission#android.permission.READ_EXTERNAL_STORAGE
ADDED from src/main/AndroidManifest.xml:7:5-80
	android:name
		ADDED from src/main/AndroidManifest.xml:7:22-77
application
ADDED from src/main/AndroidManifest.xml:9:5-58:19
activity#com.tencent.qcloud.uikit.common.component.picture.ui.MatisseActivity
ADDED from src/main/AndroidManifest.xml:10:9-12:52
	android:screenOrientation
		ADDED from src/main/AndroidManifest.xml:12:13-49
	android:name
		ADDED from src/main/AndroidManifest.xml:11:13-72
activity#com.tencent.qcloud.uikit.common.component.picture.internal.ui.AlbumPreviewActivity
ADDED from src/main/AndroidManifest.xml:13:9-15:52
	android:screenOrientation
		ADDED from src/main/AndroidManifest.xml:15:13-49
	android:name
		ADDED from src/main/AndroidManifest.xml:14:13-86
activity#com.tencent.qcloud.uikit.common.component.picture.internal.ui.SelectedPreviewActivity
ADDED from src/main/AndroidManifest.xml:16:9-18:52
	android:screenOrientation
		ADDED from src/main/AndroidManifest.xml:18:13-49
	android:name
		ADDED from src/main/AndroidManifest.xml:17:13-89
activity#com.tencent.qcloud.uikit.common.component.video.CameraActivity
ADDED from src/main/AndroidManifest.xml:19:9-21:52
	android:screenOrientation
		ADDED from src/main/AndroidManifest.xml:21:13-49
	android:name
		ADDED from src/main/AndroidManifest.xml:20:13-66
activity#com.tencent.qcloud.uikit.common.component.video.VideoViewActivity
ADDED from src/main/AndroidManifest.xml:22:9-24:66
	android:configChanges
		ADDED from src/main/AndroidManifest.xml:24:13-63
	android:name
		ADDED from src/main/AndroidManifest.xml:23:13-69
activity#com.tencent.qcloud.uikit.common.widget.photoview.PhotoViewActivity
ADDED from src/main/AndroidManifest.xml:25:9-27:52
	android:screenOrientation
		ADDED from src/main/AndroidManifest.xml:27:13-49
	android:name
		ADDED from src/main/AndroidManifest.xml:26:13-70
activity#com.tencent.qcloud.uikit.operation.c2c.C2CChatStartActivity
ADDED from src/main/AndroidManifest.xml:28:9-30:52
	android:screenOrientation
		ADDED from src/main/AndroidManifest.xml:30:13-49
	android:name
		ADDED from src/main/AndroidManifest.xml:29:13-63
activity#com.tencent.qcloud.uikit.operation.group.GroupChatCreateActivity
ADDED from src/main/AndroidManifest.xml:31:9-34:73
	android:screenOrientation
		ADDED from src/main/AndroidManifest.xml:33:13-49
	android:windowSoftInputMode
		ADDED from src/main/AndroidManifest.xml:34:13-70
	android:name
		ADDED from src/main/AndroidManifest.xml:32:13-68
activity#com.tencent.qcloud.uikit.operation.group.GroupManagerActivity
ADDED from src/main/AndroidManifest.xml:35:9-37:52
	android:screenOrientation
		ADDED from src/main/AndroidManifest.xml:37:13-49
	android:name
		ADDED from src/main/AndroidManifest.xml:36:13-65
activity#com.tencent.qcloud.uikit.operation.group.GroupChatJoinActivity
ADDED from src/main/AndroidManifest.xml:38:9-40:52
	android:screenOrientation
		ADDED from src/main/AndroidManifest.xml:40:13-49
	android:name
		ADDED from src/main/AndroidManifest.xml:39:13-66
activity#com.tencent.qcloud.uikit.operation.group.GroupApplyManagerActivity
ADDED from src/main/AndroidManifest.xml:41:9-44:73
	android:screenOrientation
		ADDED from src/main/AndroidManifest.xml:43:13-49
	android:windowSoftInputMode
		ADDED from src/main/AndroidManifest.xml:44:13-70
	android:name
		ADDED from src/main/AndroidManifest.xml:42:13-70
provider#android.support.v4.content.FileProvider
ADDED from src/main/AndroidManifest.xml:46:9-54:20
	android:grantUriPermissions
		ADDED from src/main/AndroidManifest.xml:50:13-47
	android:authorities
		ADDED from src/main/AndroidManifest.xml:48:13-70
	android:exported
		ADDED from src/main/AndroidManifest.xml:49:13-37
	android:name
		ADDED from src/main/AndroidManifest.xml:47:13-67
meta-data#android.support.FILE_PROVIDER_PATHS
ADDED from src/main/AndroidManifest.xml:51:13-53:61
	android:resource
		ADDED from src/main/AndroidManifest.xml:53:17-58
	android:name
		ADDED from src/main/AndroidManifest.xml:52:17-67
activity#com.tencent.qcloud.uikit.business.chat.group.view.GroupDeleteMemberActivity
ADDED from src/main/AndroidManifest.xml:56:9-88
	android:name
		ADDED from src/main/AndroidManifest.xml:56:19-85
activity#com.tencent.qcloud.uikit.operation.group.GroupMoreMemberActivity
ADDED from src/main/AndroidManifest.xml:57:9-86
	android:name
		ADDED from src/main/AndroidManifest.xml:57:19-74
uses-sdk
INJECTED from src/main/AndroidManifest.xml reason: use-sdk injection requested
INJECTED from src/main/AndroidManifest.xml
INJECTED from src/main/AndroidManifest.xml
INJECTED from src/main/AndroidManifest.xml
INJECTED from src/main/AndroidManifest.xml
	android:targetSdkVersion
		INJECTED from src/main/AndroidManifest.xml
		ADDED from src/main/AndroidManifest.xml
		INJECTED from src/main/AndroidManifest.xml
	android:minSdkVersion
		INJECTED from src/main/AndroidManifest.xml
		ADDED from src/main/AndroidManifest.xml
		INJECTED from src/main/AndroidManifest.xml